<?xml version="1.0" encoding="UTF-8"?>
<beans xmlns="http://www.springframework.org/schema/beans"
       xmlns:xsi="http://www.w3.org/2001/XMLSchema-instance"
       xsi:schemaLocation="http://www.springframework.org/schema/beans
                           http://www.springframework.org/schema/beans/spring-beans-2.0.xsd"
       default-dependency-check="none">

  <bean id="dataSource" class="gov.georgia.dhr.dfcs.sacwis.dao.MockDataSource"/>

  <bean id="sessionFactory"
        class="gov.georgia.dhr.dfcs.sacwis.service.SpringServiceConfigurationTest$MockSessionFactory"/>

  <bean id="transactionManager"
        class="gov.georgia.dhr.dfcs.sacwis.service.SpringServiceConfigurationTest$MockTxManager"/>
</beans>